2024-03-19 23:22:45 [info] info: Model Cheque loaded.
2024-03-19 23:22:45 [info] info: Model ChequeType loaded.
2024-03-19 23:22:45 [info] info: Model Country loaded.
2024-03-19 23:22:45 [info] info: Model File loaded.
2024-03-19 23:22:45 [info] info: Model FileType loaded.
2024-03-19 23:22:45 [info] info: Model Journal loaded.
2024-03-19 23:22:45 [info] info: Model Subscription loaded.
2024-03-19 23:22:45 [info] info: Model SubscriptionType loaded.
2024-03-19 23:22:45 [info] info: Model Task loaded.
2024-03-19 23:22:45 [info] info: Model TaskComment loaded.
2024-03-19 23:22:45 [info] info: Model TaskJournal loaded.
2024-03-19 23:22:45 [info] info: Model TaskStatus loaded.
2024-03-19 23:22:45 [info] info: Model User loaded.
2024-03-19 23:22:45 [info] info: Model UserRole loaded.
2024-03-19 23:22:45 [info] info: Model UsersFiles loaded.
2024-03-19 23:22:45 [info] info: Model UsersSubscriptions loaded.
2024-03-19 23:22:45 [info] info: Controller archiveController.js loaded.
2024-03-19 23:22:45 [info] info: Controller authenticationController.js loaded.
2024-03-19 23:22:45 [info] info: Controller backupController.js loaded.
2024-03-19 23:22:45 [info] info: Controller chequeController.js loaded.
2024-03-19 23:22:45 [info] info: Controller chequeTypeController.js loaded.
2024-03-19 23:22:45 [info] info: Controller countryController.js loaded.
2024-03-19 23:22:45 [info] info: Controller fileController.js loaded.
2024-03-19 23:22:45 [info] info: Controller fileTypeController.js loaded.
2024-03-19 23:22:45 [info] info: Controller journalController.js loaded.
2024-03-19 23:22:45 [info] info: Controller keyGenController.js loaded.
2024-03-19 23:22:45 [info] info: Controller subscriptionController.js loaded.
2024-03-19 23:22:45 [info] info: Controller subscriptionTypeController.js loaded.
2024-03-19 23:22:45 [info] info: Controller taskCommentController.js loaded.
2024-03-19 23:22:45 [info] info: Controller taskJournalController.js loaded.
2024-03-19 23:22:45 [info] info: Controller tasksController.js loaded.
2024-03-19 23:22:45 [info] info: Controller taskStatusController.js loaded.
2024-03-19 23:22:45 [info] info: Controller userController.js loaded.
2024-03-19 23:22:45 [info] info: Controller userRoleController.js loaded.
2024-03-19 23:22:45 [info] info: Controller usersFilesController.js loaded.
2024-03-19 23:22:45 [info] info: Controller usersSubscriptionsController.js loaded.
2024-03-19 23:22:45 [info] info: Server running on http://localhost:3000
2024-03-19 23:22:46 [info] info: Models sync completed.
2024-03-19 23:22:57 [info] info: Received request: POST /api/login
2024-03-19 23:31:51 [info] info: Model Cheque loaded.
2024-03-19 23:31:51 [info] info: Model ChequeType loaded.
2024-03-19 23:31:51 [info] info: Model Country loaded.
2024-03-19 23:31:51 [info] info: Model File loaded.
2024-03-19 23:31:51 [info] info: Model FileType loaded.
2024-03-19 23:31:51 [info] info: Model Journal loaded.
2024-03-19 23:31:51 [info] info: Model Subscription loaded.
2024-03-19 23:31:51 [info] info: Model SubscriptionType loaded.
2024-03-19 23:31:51 [info] info: Model Task loaded.
2024-03-19 23:31:51 [info] info: Model TaskComment loaded.
2024-03-19 23:31:51 [info] info: Model TaskJournal loaded.
2024-03-19 23:31:51 [info] info: Model TaskStatus loaded.
2024-03-19 23:31:51 [info] info: Model User loaded.
2024-03-19 23:31:51 [info] info: Model UserRole loaded.
2024-03-19 23:31:51 [info] info: Model UsersFiles loaded.
2024-03-19 23:31:51 [info] info: Model UsersSubscriptions loaded.
2024-03-19 23:31:51 [info] info: Controller archiveController.js loaded.
2024-03-19 23:31:51 [info] info: Controller authenticationController.js loaded.
2024-03-19 23:31:51 [info] info: Controller backupController.js loaded.
2024-03-19 23:31:51 [info] info: Controller chequeController.js loaded.
2024-03-19 23:31:51 [info] info: Controller chequeTypeController.js loaded.
2024-03-19 23:31:51 [info] info: Controller countryController.js loaded.
2024-03-19 23:31:51 [info] info: Controller fileController.js loaded.
2024-03-19 23:31:51 [info] info: Controller fileTypeController.js loaded.
2024-03-19 23:31:51 [info] info: Controller journalController.js loaded.
2024-03-19 23:31:51 [info] info: Controller keyGenController.js loaded.
2024-03-19 23:31:51 [info] info: Controller subscriptionController.js loaded.
2024-03-19 23:31:51 [info] info: Controller subscriptionTypeController.js loaded.
2024-03-19 23:31:51 [info] info: Controller taskCommentController.js loaded.
2024-03-19 23:31:51 [info] info: Controller taskJournalController.js loaded.
2024-03-19 23:31:51 [info] info: Controller tasksController.js loaded.
2024-03-19 23:31:51 [info] info: Controller taskStatusController.js loaded.
2024-03-19 23:31:51 [info] info: Controller userController.js loaded.
2024-03-19 23:31:51 [info] info: Controller userRoleController.js loaded.
2024-03-19 23:31:51 [info] info: Controller usersFilesController.js loaded.
2024-03-19 23:31:51 [info] info: Controller usersSubscriptionsController.js loaded.
2024-03-19 23:31:51 [info] info: Server running on http://localhost:3000
2024-03-19 23:31:51 [info] info: Models sync completed.
2024-03-19 23:32:05 [info] info: Received request: POST /api/login
2024-03-19 23:33:18 [info] info: Model Cheque loaded.
2024-03-19 23:33:18 [info] info: Model ChequeType loaded.
2024-03-19 23:33:18 [info] info: Model Country loaded.
2024-03-19 23:33:18 [info] info: Model File loaded.
2024-03-19 23:33:18 [info] info: Model FileType loaded.
2024-03-19 23:33:18 [info] info: Model Journal loaded.
2024-03-19 23:33:18 [info] info: Model Subscription loaded.
2024-03-19 23:33:18 [info] info: Model SubscriptionType loaded.
2024-03-19 23:33:18 [info] info: Model Task loaded.
2024-03-19 23:33:18 [info] info: Model TaskComment loaded.
2024-03-19 23:33:18 [info] info: Model TaskJournal loaded.
2024-03-19 23:33:18 [info] info: Model TaskStatus loaded.
2024-03-19 23:33:18 [info] info: Model User loaded.
2024-03-19 23:33:18 [info] info: Model UserRole loaded.
2024-03-19 23:33:18 [info] info: Model UsersFiles loaded.
2024-03-19 23:33:18 [info] info: Model UsersSubscriptions loaded.
2024-03-19 23:33:18 [info] info: Controller archiveController.js loaded.
2024-03-19 23:33:18 [info] info: Controller authenticationController.js loaded.
2024-03-19 23:33:18 [info] info: Controller backupController.js loaded.
2024-03-19 23:33:18 [info] info: Controller chequeController.js loaded.
2024-03-19 23:33:18 [info] info: Controller chequeTypeController.js loaded.
2024-03-19 23:33:18 [info] info: Controller countryController.js loaded.
2024-03-19 23:33:18 [info] info: Controller fileController.js loaded.
2024-03-19 23:33:18 [info] info: Controller fileTypeController.js loaded.
2024-03-19 23:33:18 [info] info: Controller journalController.js loaded.
2024-03-19 23:33:18 [info] info: Controller keyGenController.js loaded.
2024-03-19 23:33:18 [info] info: Controller subscriptionController.js loaded.
2024-03-19 23:33:18 [info] info: Controller subscriptionTypeController.js loaded.
2024-03-19 23:33:18 [info] info: Controller taskCommentController.js loaded.
2024-03-19 23:33:18 [info] info: Controller taskJournalController.js loaded.
2024-03-19 23:33:18 [info] info: Controller tasksController.js loaded.
2024-03-19 23:33:18 [info] info: Controller taskStatusController.js loaded.
2024-03-19 23:33:18 [info] info: Controller userController.js loaded.
2024-03-19 23:33:18 [info] info: Controller userRoleController.js loaded.
2024-03-19 23:33:18 [info] info: Controller usersFilesController.js loaded.
2024-03-19 23:33:18 [info] info: Controller usersSubscriptionsController.js loaded.
2024-03-19 23:33:18 [info] info: Server running on http://localhost:3000
2024-03-19 23:33:18 [info] info: Models sync completed.
2024-03-19 23:33:21 [info] info: Received request: POST /api/login
2024-03-19 23:39:12 [info] info: Model Cheque loaded.
2024-03-19 23:39:12 [info] info: Model ChequeType loaded.
2024-03-19 23:39:12 [info] info: Model Country loaded.
2024-03-19 23:39:12 [info] info: Model File loaded.
2024-03-19 23:39:12 [info] info: Model FileType loaded.
2024-03-19 23:39:12 [info] info: Model Journal loaded.
2024-03-19 23:39:12 [info] info: Model Subscription loaded.
2024-03-19 23:39:12 [info] info: Model SubscriptionType loaded.
2024-03-19 23:39:12 [info] info: Model Task loaded.
2024-03-19 23:39:12 [info] info: Model TaskComment loaded.
2024-03-19 23:39:12 [info] info: Model TaskJournal loaded.
2024-03-19 23:39:12 [info] info: Model TaskStatus loaded.
2024-03-19 23:39:12 [info] info: Model User loaded.
2024-03-19 23:39:12 [info] info: Model UserRole loaded.
2024-03-19 23:39:12 [info] info: Model UsersFiles loaded.
2024-03-19 23:39:12 [info] info: Model UsersSubscriptions loaded.
2024-03-19 23:39:12 [info] info: Controller archiveController.js loaded.
2024-03-19 23:39:12 [info] info: Controller authenticationController.js loaded.
2024-03-19 23:39:12 [info] info: Controller backupController.js loaded.
2024-03-19 23:39:12 [info] info: Controller chequeController.js loaded.
2024-03-19 23:39:12 [info] info: Controller chequeTypeController.js loaded.
2024-03-19 23:39:12 [info] info: Controller countryController.js loaded.
2024-03-19 23:39:12 [info] info: Controller fileController.js loaded.
2024-03-19 23:39:12 [info] info: Controller fileTypeController.js loaded.
2024-03-19 23:39:12 [info] info: Controller journalController.js loaded.
2024-03-19 23:39:12 [info] info: Controller keyGenController.js loaded.
2024-03-19 23:39:12 [info] info: Controller subscriptionController.js loaded.
2024-03-19 23:39:12 [info] info: Controller subscriptionTypeController.js loaded.
2024-03-19 23:39:12 [info] info: Controller taskCommentController.js loaded.
2024-03-19 23:39:12 [info] info: Controller taskJournalController.js loaded.
2024-03-19 23:39:12 [info] info: Controller tasksController.js loaded.
2024-03-19 23:39:12 [info] info: Controller taskStatusController.js loaded.
2024-03-19 23:39:12 [info] info: Controller userController.js loaded.
2024-03-19 23:39:12 [info] info: Controller userRoleController.js loaded.
2024-03-19 23:39:12 [info] info: Controller usersFilesController.js loaded.
2024-03-19 23:39:12 [info] info: Controller usersSubscriptionsController.js loaded.
2024-03-19 23:39:12 [info] info: Server running on http://localhost:3000
2024-03-19 23:39:13 [info] info: Models sync completed.
2024-03-19 23:39:16 [info] info: Received request: POST /api/login
2024-03-19 23:48:01 [info] info: Model Cheque loaded.
2024-03-19 23:48:01 [info] info: Model ChequeType loaded.
2024-03-19 23:48:01 [info] info: Model Country loaded.
2024-03-19 23:48:01 [info] info: Model File loaded.
2024-03-19 23:48:01 [info] info: Model FileType loaded.
2024-03-19 23:48:01 [info] info: Model Journal loaded.
2024-03-19 23:48:01 [info] info: Model Subscription loaded.
2024-03-19 23:48:01 [info] info: Model SubscriptionType loaded.
2024-03-19 23:48:01 [info] info: Model Task loaded.
2024-03-19 23:48:01 [info] info: Model TaskComment loaded.
2024-03-19 23:48:01 [info] info: Model TaskJournal loaded.
2024-03-19 23:48:01 [info] info: Model TaskStatus loaded.
2024-03-19 23:48:01 [info] info: Model User loaded.
2024-03-19 23:48:01 [info] info: Model UserRole loaded.
2024-03-19 23:48:01 [info] info: Model UsersFiles loaded.
2024-03-19 23:48:01 [info] info: Model UsersSubscriptions loaded.
2024-03-19 23:48:01 [info] info: Controller archiveController.js loaded.
2024-03-19 23:48:01 [info] info: Controller authenticationController.js loaded.
2024-03-19 23:48:01 [info] info: Controller backupController.js loaded.
2024-03-19 23:48:01 [info] info: Controller chequeController.js loaded.
2024-03-19 23:48:01 [info] info: Controller chequeTypeController.js loaded.
2024-03-19 23:48:01 [info] info: Controller countryController.js loaded.
2024-03-19 23:48:01 [info] info: Controller fileController.js loaded.
2024-03-19 23:48:01 [info] info: Controller fileTypeController.js loaded.
2024-03-19 23:48:01 [info] info: Controller journalController.js loaded.
2024-03-19 23:48:01 [info] info: Controller keyGenController.js loaded.
2024-03-19 23:48:01 [info] info: Controller subscriptionController.js loaded.
2024-03-19 23:48:01 [info] info: Controller subscriptionTypeController.js loaded.
2024-03-19 23:48:01 [info] info: Controller taskCommentController.js loaded.
2024-03-19 23:48:01 [info] info: Controller taskJournalController.js loaded.
2024-03-19 23:48:01 [info] info: Controller tasksController.js loaded.
2024-03-19 23:48:01 [info] info: Controller taskStatusController.js loaded.
2024-03-19 23:48:01 [info] info: Controller userController.js loaded.
2024-03-19 23:48:01 [info] info: Controller userRoleController.js loaded.
2024-03-19 23:48:01 [info] info: Controller usersFilesController.js loaded.
2024-03-19 23:48:01 [info] info: Controller usersSubscriptionsController.js loaded.
2024-03-19 23:48:01 [info] info: Server running on http://localhost:3000
2024-03-19 23:48:01 [info] info: Models sync completed.
2024-03-19 23:48:04 [info] info: Received request: POST /api/login
2024-03-19 23:55:50 [info] info: Received request: POST /api/login
2024-03-19 23:56:38 [info] info: Model Cheque loaded.
2024-03-19 23:56:38 [info] info: Model ChequeType loaded.
2024-03-19 23:56:38 [info] info: Model Country loaded.
2024-03-19 23:56:38 [info] info: Model File loaded.
2024-03-19 23:56:38 [info] info: Model FileType loaded.
2024-03-19 23:56:38 [info] info: Model Journal loaded.
2024-03-19 23:56:38 [info] info: Model Subscription loaded.
2024-03-19 23:56:38 [info] info: Model SubscriptionType loaded.
2024-03-19 23:56:38 [info] info: Model Task loaded.
2024-03-19 23:56:38 [info] info: Model TaskComment loaded.
2024-03-19 23:56:38 [info] info: Model TaskJournal loaded.
2024-03-19 23:56:38 [info] info: Model TaskStatus loaded.
2024-03-19 23:56:38 [info] info: Model User loaded.
2024-03-19 23:56:38 [info] info: Model UserRole loaded.
2024-03-19 23:56:38 [info] info: Model UsersFiles loaded.
2024-03-19 23:56:38 [info] info: Model UsersSubscriptions loaded.
2024-03-19 23:56:38 [info] info: Controller archiveController.js loaded.
2024-03-19 23:56:38 [info] info: Controller authenticationController.js loaded.
2024-03-19 23:56:38 [info] info: Controller backupController.js loaded.
2024-03-19 23:56:38 [info] info: Controller chequeController.js loaded.
2024-03-19 23:56:38 [info] info: Controller chequeTypeController.js loaded.
2024-03-19 23:56:38 [info] info: Controller countryController.js loaded.
2024-03-19 23:56:38 [info] info: Controller fileController.js loaded.
2024-03-19 23:56:39 [info] info: Controller fileTypeController.js loaded.
2024-03-19 23:56:39 [info] info: Controller journalController.js loaded.
2024-03-19 23:56:39 [info] info: Controller keyGenController.js loaded.
2024-03-19 23:56:39 [info] info: Controller subscriptionController.js loaded.
2024-03-19 23:56:39 [info] info: Controller subscriptionTypeController.js loaded.
2024-03-19 23:56:39 [info] info: Controller taskCommentController.js loaded.
2024-03-19 23:56:39 [info] info: Controller taskJournalController.js loaded.
2024-03-19 23:56:39 [info] info: Controller tasksController.js loaded.
2024-03-19 23:56:39 [info] info: Controller taskStatusController.js loaded.
2024-03-19 23:56:39 [info] info: Controller userController.js loaded.
2024-03-19 23:56:39 [info] info: Controller userRoleController.js loaded.
2024-03-19 23:56:39 [info] info: Controller usersFilesController.js loaded.
2024-03-19 23:56:39 [info] info: Controller usersSubscriptionsController.js loaded.
2024-03-19 23:56:39 [info] info: Server running on http://localhost:3000
2024-03-19 23:56:39 [info] info: Models sync completed.
2024-03-19 23:56:43 [info] info: Received request: POST /api/login
